<?xml version="1.0" encoding="UTF-8"?>
<!-- Generated by org.testng.reporters.JUnitReportReporter -->
<testsuite hostname="DESKTOP-T57PU49" name="www.ozzie.selenium.TestNGDDT" tests="4" failures="0" timestamp="31 Oct 2017 01:43:18 GMT" time="1.133" errors="0">
  <testcase name="testBMICalculator" time="0.200" classname="www.ozzie.selenium.TestNGDDT"/>
  <testcase name="testBMICalculator" time="0.559" classname="www.ozzie.selenium.TestNGDDT"/>
  <testcase name="testBMICalculator" time="0.184" classname="www.ozzie.selenium.TestNGDDT"/>
  <testcase name="testBMICalculator" time="0.190" classname="www.ozzie.selenium.TestNGDDT"/>
</testsuite> <!-- www.ozzie.selenium.TestNGDDT -->
