<?xml version="1.0" encoding="UTF-8"?>
<!-- Generated by org.testng.reporters.JUnitReportReporter -->
<testsuite hostname="DESKTOP-T57PU49" name="www.ozzie.selenium.TestNGAnnotationsNewTest" tests="7" failures="0" timestamp="29 Sep 2017 00:44:41 GMT" time="0.020" errors="0">
  <testcase name="testPrintMessageTrue" time="0.003" classname="www.ozzie.selenium.TestNGAnnotationsNewTest"/>
  <testcase name="f" time="0.004" classname="www.ozzie.selenium.TestNGAnnotationsNewTest"/>
  <testcase name="testGroups" time="0.007" classname="www.ozzie.selenium.TestNGAnnotationsNewTest"/>
  <testcase name="testGroupsSanity" time="0.002" classname="www.ozzie.selenium.TestNGAnnotationsNewTest"/>
  <testcase name="testGroupsSmoke" time="0.001" classname="www.ozzie.selenium.TestNGAnnotationsNewTest"/>
  <testcase name="f" time="0.002" classname="www.ozzie.selenium.TestNGAnnotationsNewTest"/>
  <testcase name="testGroupsRegression" time="0.001" classname="www.ozzie.selenium.TestNGAnnotationsNewTest"/>
</testsuite> <!-- www.ozzie.selenium.TestNGAnnotationsNewTest -->
